<?xml version="1.0" encoding="UTF-8"?>
<!-- Generated by org.testng.reporters.JUnitReportReporter -->
<testsuite hostname="Venkannas-MacBook-Pro.local" failures="0" tests="7" name="TestRunner.CucumberTestRunner" time="0.148" errors="0" timestamp="2024-02-18T17:18:02 IST" skipped="0">
  <testcase classname="TestRunner.CucumberTestRunner" name="runScenario" time="0.005"/>
  <testcase classname="TestRunner.CucumberTestRunner" name="runScenario" time="0.008"/>
  <testcase classname="TestRunner.CucumberTestRunner" name="runScenario" time="0.004"/>
  <testcase classname="TestRunner.CucumberTestRunner" name="runScenario" time="0.014"/>
  <testcase classname="TestRunner.CucumberTestRunner" name="runScenario" time="0.014"/>
  <testcase classname="TestRunner.CucumberTestRunner" name="runScenario" time="0.008"/>
  <testcase classname="TestRunner.CucumberTestRunner" name="runScenario" time="0.095"/>
</testsuite> <!-- TestRunner.CucumberTestRunner -->
